<?xml version="1.0"?>
<!DOCTYPE coverage SYSTEM "http://cobertura.sourceforge.net/xml/coverage-04.dtd">

<coverage line-rate="1.0" branch-rate="1.0" lines-covered="2" lines-valid="2" branches-covered="0" branches-valid="0" complexity="1.0" version="1.9.4.1" timestamp="1469166104254">
	<sources>
		<source>--source</source>
		<source>D:/eclipse/eclips projects/cobertura/src/main/java</source>
	</sources>
	<packages>
		<package name="cobertura" line-rate="1.0" branch-rate="1.0" complexity="1.0">
			<classes>
				<class name="cobertura.calculator" filename="cobertura/calculator.java" line-rate="1.0" branch-rate="1.0" complexity="1.0">
					<methods>
						<method name="&lt;init&gt;" signature="()V" line-rate="1.0" branch-rate="1.0">
							<lines>
								<line number="3" hits="1" branch="false"/>
							</lines>
						</method>
						<method name="nextFibonacci" signature="(II)I" line-rate="1.0" branch-rate="1.0">
							<lines>
								<line number="5" hits="1" branch="false"/>
							</lines>
						</method>
					</methods>
					<lines>
						<line number="3" hits="1" branch="false"/>
						<line number="5" hits="1" branch="false"/>
					</lines>
				</class>
			</classes>
		</package>
	</packages>
</coverage>
